-------------------------------------------------------------------------------
Test set: net.javaguides.springboot.service.CustomUserDetailsServiceTest
-------------------------------------------------------------------------------
Tests run: 1, Failures: 1, Errors: 0, Skipped: 0, Time elapsed: 0.008 s <<< FAILURE! - in net.javaguides.springboot.service.CustomUserDetailsServiceTest
test  Time elapsed: 0.007 s  <<< FAILURE!
org.opentest4j.AssertionFailedError: Not yet implemented
	at net.javaguides.springboot.service.CustomUserDetailsServiceTest.test(CustomUserDetailsServiceTest.java:22)

